# JRE version: OpenJDK Runtime Environment (11.0.1+13) (build 11.0.1+13)
# Java VM: OpenJDK 64-Bit Server VM (11.0.1+13, mixed mode, tiered, compressed oops, g1 gc, windows-amd64)
Heap:
 garbage-first heap   total 256000K, used 92871K [0x0000000084000000, 0x0000000100000000)
  region size 1024K, 48 young (49152K), 1 survivors (1024K)
 Metaspace       used 72887K, capacity 76404K, committed 103472K, reserved 1140736K
  class space    used 7698K, capacity 9005K, committed 11904K, reserved 1048576K
GC Heap History (10 events):
Event: 14736.353 GC heap before
{Heap before GC invocations=653 (full 97):
 garbage-first heap   total 256000K, used 199029K [0x0000000084000000, 0x0000000100000000)
  region size 1024K, 150 young (153600K), 1 survivors (1024K)
 Metaspace       used 72887K, capacity 76404K, committed 103472K, reserved 1140736K
  class space    used 7698K, capacity 9005K, committed 11904K, reserved 1048576K
}
Event: 14736.356 GC heap after
{Heap after GC invocations=654 (full 97):
 garbage-first heap   total 256000K, used 46853K [0x0000000084000000, 0x0000000100000000)
  region size 1024K, 1 young (1024K), 1 survivors (1024K)
 Metaspace       used 72887K, capacity 76404K, committed 103472K, reserved 1140736K
  class space    used 7698K, capacity 9005K, committed 11904K, reserved 1048576K
}
Event: 14738.937 GC heap before
{Heap before GC invocations=655 (full 97):
 garbage-first heap   total 256000K, used 198405K [0x0000000084000000, 0x0000000100000000)
  region size 1024K, 150 young (153600K), 1 survivors (1024K)
 Metaspace       used 72887K, capacity 76404K, committed 103472K, reserved 1140736K
  class space    used 7698K, capacity 9005K, committed 11904K, reserved 1048576K
}
Event: 14738.938 GC heap after
{Heap after GC invocations=656 (full 97):
 garbage-first heap   total 256000K, used 47420K [0x0000000084000000, 0x0000000100000000)
  region size 1024K, 1 young (1024K), 1 survivors (1024K)
 Metaspace       used 72887K, capacity 76404K, committed 103472K, reserved 1140736K
  class space    used 7698K, capacity 9005K, committed 11904K, reserved 1048576K
}
Event: 14741.126 GC heap before
{Heap before GC invocations=656 (full 97):
 garbage-first heap   total 256000K, used 198972K [0x0000000084000000, 0x0000000100000000)
  region size 1024K, 150 young (153600K), 1 survivors (1024K)
 Metaspace       used 72887K, capacity 76404K, committed 103472K, reserved 1140736K
  class space    used 7698K, capacity 9005K, committed 11904K, reserved 1048576K
}
Event: 14741.132 GC heap after
{Heap after GC invocations=657 (full 97):
 garbage-first heap   total 256000K, used 46868K [0x0000000084000000, 0x0000000100000000)
  region size 1024K, 1 young (1024K), 1 survivors (1024K)
 Metaspace       used 72887K, capacity 76404K, committed 103472K, reserved 1140736K
  class space    used 7698K, capacity 9005K, committed 11904K, reserved 1048576K
}
Event: 14743.049 GC heap before
{Heap before GC invocations=658 (full 97):
 garbage-first heap   total 256000K, used 198420K [0x0000000084000000, 0x0000000100000000)
  region size 1024K, 150 young (153600K), 1 survivors (1024K)
 Metaspace       used 72887K, capacity 76404K, committed 103472K, reserved 1140736K
  class space    used 7698K, capacity 9005K, committed 11904K, reserved 1048576K
}
Event: 14743.050 GC heap after
{Heap after GC invocations=659 (full 97):
 garbage-first heap   total 256000K, used 47439K [0x0000000084000000, 0x0000000100000000)
  region size 1024K, 1 young (1024K), 1 survivors (1024K)
 Metaspace       used 72887K, capacity 76404K, committed 103472K, reserved 1140736K
  class space    used 7698K, capacity 9005K, committed 11904K, reserved 1048576K
}
Event: 14745.254 GC heap before
{Heap before GC invocations=659 (full 97):
 garbage-first heap   total 256000K, used 198991K [0x0000000084000000, 0x0000000100000000)
  region size 1024K, 150 young (153600K), 1 survivors (1024K)
 Metaspace       used 72887K, capacity 76404K, committed 103472K, reserved 1140736K
  class space    used 7698K, capacity 9005K, committed 11904K, reserved 1048576K
}
Event: 14745.257 GC heap after
{Heap after GC invocations=660 (full 97):
 garbage-first heap   total 256000K, used 46791K [0x0000000084000000, 0x0000000100000000)
  region size 1024K, 1 young (1024K), 1 survivors (1024K)
 Metaspace       used 72887K, capacity 76404K, committed 103472K, reserved 1140736K
  class space    used 7698K, capacity 9005K, committed 11904K, reserved 1048576K
}

